2025-03-17 04:20:21 [INFO]: POST /api/auth/login - IP: ::1
2025-03-17 04:20:27 [INFO]: GET /api/users/profile - IP: ::1
2025-03-17 04:20:27 [INFO]: GET /api/users/profile - IP: ::1
2025-03-17 15:56:17 [INFO]: GET /api/users/profile - IP: ::1
2025-03-17 15:56:17 [INFO]: GET /api/users/profile - IP: ::1
2025-03-17 15:58:41 [INFO]: POST /api/auth/login - IP: ::1
2025-03-17 15:58:51 [INFO]: GET /api/users/profile - IP: ::1
2025-03-17 15:58:51 [INFO]: GET /api/users/profile - IP: ::1
2025-03-20 22:11:19 [INFO]: GET /api/cafes/filters - IP: ::1 - Body: {}
2025-03-20 22:11:19 [INFO]: GET /api/users/profile - IP: ::1 - Body: {}
2025-03-20 22:11:19 [INFO]: GET /api/users/profile - IP: ::1 - Body: {}
2025-03-20 22:11:19 [INFO]: GET /api/cafes/filters - IP: ::1 - Body: {}
2025-03-20 22:11:22 [INFO]: POST /api/auth/login - IP: ::1 - Body: {"email":"admin@2001","password":"admin"}
2025-03-20 22:11:23 [INFO]: GET /api/cafes/filters - IP: ::1 - Body: {}
2025-03-20 22:11:23 [INFO]: GET /api/users/profile - IP: ::1 - Body: {}
2025-03-20 22:11:23 [INFO]: GET /api/users/profile - IP: ::1 - Body: {}
2025-03-20 22:11:23 [INFO]: GET /api/admin/inventory - IP: ::1 - Body: {}
2025-03-20 22:11:23 [INFO]: GET /api/cafes/filters - IP: ::1 - Body: {}
2025-03-20 22:11:23 [INFO]: GET /api/admin/inventory - IP: ::1 - Body: {}
2025-03-20 22:11:23 [INFO]: GET /api/cafes - IP: ::1 - Body: {}
2025-03-20 22:11:23 [INFO]: GET /api/users - IP: ::1 - Body: {}
2025-03-20 22:11:23 [INFO]: GET /api/cafes - IP: ::1 - Body: {}
2025-03-20 22:11:23 [INFO]: GET /api/transactions - IP: ::1 - Body: {}
2025-03-20 22:11:23 [INFO]: GET /api/users - IP: ::1 - Body: {}
2025-03-20 22:11:23 [INFO]: GET /api/transactions - IP: ::1 - Body: {}
2025-03-20 22:11:27 [INFO]: GET /api/cafes/filters - IP: ::1 - Body: {}
2025-03-20 22:11:27 [INFO]: GET /api/users/profile - IP: ::1 - Body: {}
2025-03-20 22:11:27 [INFO]: GET /api/users/profile - IP: ::1 - Body: {}
2025-03-20 22:11:27 [INFO]: GET /api/admin/inventory - IP: ::1 - Body: {}
2025-03-20 22:11:27 [INFO]: GET /api/admin/inventory - IP: ::1 - Body: {}
2025-03-20 22:11:27 [INFO]: GET /api/cafes - IP: ::1 - Body: {}
2025-03-20 22:11:27 [INFO]: GET /api/cafes/filters - IP: ::1 - Body: {}
2025-03-20 22:11:28 [INFO]: GET /api/users - IP: ::1 - Body: {}
2025-03-20 22:11:28 [INFO]: GET /api/cafes - IP: ::1 - Body: {}
2025-03-20 22:11:28 [INFO]: GET /api/users - IP: ::1 - Body: {}
2025-03-20 22:11:28 [INFO]: GET /api/transactions - IP: ::1 - Body: {}
2025-03-20 22:11:28 [INFO]: GET /api/transactions - IP: ::1 - Body: {}
2025-03-20 22:11:29 [INFO]: GET /api/cafes/filters - IP: ::1 - Body: {}
2025-03-20 22:11:30 [INFO]: GET /api/cafes/filters - IP: ::1 - Body: {}
2025-03-20 22:11:31 [INFO]: GET /api/users/filters - IP: ::1 - Body: {}
2025-03-20 22:11:31 [INFO]: GET /api/users/filters - IP: ::1 - Body: {}
2025-03-20 22:11:32 [INFO]: GET /api/transactions/filters - IP: ::1 - Body: {}
2025-03-20 22:11:32 [INFO]: GET /api/transactions/filters - IP: ::1 - Body: {}
2025-03-20 22:11:34 [INFO]: GET /api/users/filters - IP: ::1 - Body: {}
2025-03-20 22:11:35 [INFO]: GET /api/users/filters - IP: ::1 - Body: {}
2025-03-20 22:11:37 [INFO]: GET /api/cafes/filters - IP: ::1 - Body: {}
2025-03-20 22:11:37 [INFO]: GET /api/cafes/filters - IP: ::1 - Body: {}
2025-03-20 22:11:38 [INFO]: GET /api/cafes/filters - IP: ::1 - Body: {}
2025-03-20 22:11:38 [INFO]: GET /api/cafes/filters - IP: ::1 - Body: {}
2025-03-20 22:11:46 [INFO]: GET /api/cafes/filters - IP: ::1 - Body: {}
2025-03-20 22:11:46 [INFO]: GET /api/users/profile - IP: ::1 - Body: {}
2025-03-20 22:11:46 [INFO]: GET /api/users/profile - IP: ::1 - Body: {}
2025-03-20 22:11:46 [INFO]: GET /api/admin/inventory - IP: ::1 - Body: {}
2025-03-20 22:11:47 [INFO]: GET /api/admin/inventory - IP: ::1 - Body: {}
2025-03-20 22:11:47 [INFO]: GET /api/cafes - IP: ::1 - Body: {}
2025-03-20 22:11:47 [INFO]: GET /api/cafes/filters - IP: ::1 - Body: {}
2025-03-20 22:11:47 [INFO]: GET /api/users - IP: ::1 - Body: {}
2025-03-20 22:11:47 [INFO]: GET /api/cafes - IP: ::1 - Body: {}
2025-03-20 22:11:47 [INFO]: GET /api/users - IP: ::1 - Body: {}
2025-03-20 22:11:47 [INFO]: GET /api/transactions - IP: ::1 - Body: {}
2025-03-20 22:11:47 [INFO]: GET /api/transactions - IP: ::1 - Body: {}
2025-03-20 22:12:06 [INFO]: GET /api/cafes/filters - IP: ::1 - Body: {}
2025-03-20 22:12:06 [INFO]: GET /api/users/profile - IP: ::1 - Body: {}
2025-03-20 22:12:06 [INFO]: GET /api/users/profile - IP: ::1 - Body: {}
2025-03-20 22:12:06 [INFO]: GET /api/admin/inventory - IP: ::1 - Body: {}
2025-03-20 22:12:06 [INFO]: GET /api/admin/inventory - IP: ::1 - Body: {}
2025-03-20 22:12:06 [INFO]: GET /api/cafes - IP: ::1 - Body: {}
2025-03-20 22:12:06 [INFO]: GET /api/cafes/filters - IP: ::1 - Body: {}
2025-03-20 22:12:06 [INFO]: GET /api/users - IP: ::1 - Body: {}
2025-03-20 22:12:06 [INFO]: GET /api/cafes - IP: ::1 - Body: {}
2025-03-20 22:12:06 [INFO]: GET /api/users - IP: ::1 - Body: {}
2025-03-20 22:12:06 [INFO]: GET /api/transactions - IP: ::1 - Body: {}
2025-03-20 22:12:06 [INFO]: GET /api/transactions - IP: ::1 - Body: {}
2025-03-20 22:13:00 [INFO]: GET /api/cafes/filters - IP: ::1 - Body: {}
2025-03-20 22:13:00 [INFO]: GET /api/cafes/filters - IP: ::1 - Body: {}
2025-03-20 22:13:01 [INFO]: GET /api/cafes/filters - IP: ::1 - Body: {}
2025-03-20 22:13:01 [INFO]: GET /api/cafes/filters - IP: ::1 - Body: {}
2025-03-20 22:13:02 [INFO]: GET /api/cafes/filters - IP: ::1 - Body: {}
2025-03-20 22:13:02 [INFO]: GET /api/users/profile - IP: ::1 - Body: {}
2025-03-20 22:13:02 [INFO]: GET /api/users/profile - IP: ::1 - Body: {}
2025-03-20 22:13:02 [INFO]: GET /api/admin/inventory - IP: ::1 - Body: {}
2025-03-20 22:13:02 [INFO]: GET /api/admin/inventory - IP: ::1 - Body: {}
2025-03-20 22:13:02 [INFO]: GET /api/cafes - IP: ::1 - Body: {}
2025-03-20 22:13:02 [INFO]: GET /api/cafes/filters - IP: ::1 - Body: {}
2025-03-20 22:13:02 [INFO]: GET /api/users - IP: ::1 - Body: {}
2025-03-20 22:13:02 [INFO]: GET /api/cafes - IP: ::1 - Body: {}
2025-03-20 22:13:02 [INFO]: GET /api/users - IP: ::1 - Body: {}
2025-03-20 22:13:02 [INFO]: GET /api/transactions - IP: ::1 - Body: {}
2025-03-20 22:13:02 [INFO]: GET /api/transactions - IP: ::1 - Body: {}
2025-03-20 22:19:09 [INFO]: GET /api/users/profile - IP: ::1 - Body: {}
2025-03-20 22:19:09 [INFO]: GET /api/users/profile - IP: ::1 - Body: {}
2025-03-20 22:19:15 [INFO]: GET /api/users/profile - IP: ::1 - Body: {}
2025-03-20 22:19:15 [INFO]: GET /api/users/profile - IP: ::1 - Body: {}
2025-03-20 22:19:33 [INFO]: GET /api/cafes/filters - IP: ::1 - Body: {}
2025-03-20 22:19:33 [INFO]: GET /api/users/profile - IP: ::1 - Body: {}
2025-03-20 22:19:33 [INFO]: GET /api/users/profile - IP: ::1 - Body: {}
2025-03-20 22:19:33 [INFO]: GET /api/admin/inventory - IP: ::1 - Body: {}
2025-03-20 22:19:33 [INFO]: GET /api/cafes/filters - IP: ::1 - Body: {}
2025-03-20 22:19:33 [INFO]: GET /api/admin/inventory - IP: ::1 - Body: {}
2025-03-20 22:19:33 [INFO]: GET /api/cafes - IP: ::1 - Body: {}
2025-03-20 22:19:33 [INFO]: GET /api/users - IP: ::1 - Body: {}
2025-03-20 22:19:33 [INFO]: GET /api/cafes - IP: ::1 - Body: {}
2025-03-20 22:19:34 [INFO]: GET /api/transactions - IP: ::1 - Body: {}
2025-03-20 22:19:34 [INFO]: GET /api/users - IP: ::1 - Body: {}
2025-03-20 22:19:34 [INFO]: GET /api/transactions - IP: ::1 - Body: {}
2025-03-20 22:19:48 [INFO]: POST /api/auth/login - IP: ::1 - Body: {"email":"admin@2001","password":"admin"}
2025-03-20 22:19:48 [INFO]: GET /api/cafes/filters - IP: ::1 - Body: {}
2025-03-20 22:19:48 [INFO]: GET /api/users/profile - IP: ::1 - Body: {}
2025-03-20 22:19:48 [INFO]: GET /api/users/profile - IP: ::1 - Body: {}
2025-03-20 22:19:48 [INFO]: GET /api/admin/inventory - IP: ::1 - Body: {}
2025-03-20 22:19:48 [INFO]: GET /api/admin/inventory - IP: ::1 - Body: {}
2025-03-20 22:19:48 [INFO]: GET /api/cafes - IP: ::1 - Body: {}
2025-03-20 22:19:48 [INFO]: GET /api/cafes/filters - IP: ::1 - Body: {}
2025-03-20 22:19:48 [INFO]: GET /api/users - IP: ::1 - Body: {}
2025-03-20 22:19:48 [INFO]: GET /api/cafes - IP: ::1 - Body: {}
2025-03-20 22:19:48 [INFO]: GET /api/users - IP: ::1 - Body: {}
2025-03-20 22:19:48 [INFO]: GET /api/transactions - IP: ::1 - Body: {}
2025-03-20 22:19:49 [INFO]: GET /api/transactions - IP: ::1 - Body: {}
2025-03-20 22:19:53 [INFO]: GET /api/cafes/filters - IP: ::1 - Body: {}
2025-03-20 22:19:53 [INFO]: GET /api/cafes/filters - IP: ::1 - Body: {}
2025-03-20 22:19:53 [INFO]: GET /api/users/filters - IP: ::1 - Body: {}
2025-03-20 22:19:53 [INFO]: GET /api/users/filters - IP: ::1 - Body: {}
2025-03-20 22:19:54 [INFO]: GET /api/transactions/filters - IP: ::1 - Body: {}
2025-03-20 22:19:54 [INFO]: GET /api/transactions/filters - IP: ::1 - Body: {}
2025-03-20 22:19:54 [INFO]: GET /api/cafes/filters - IP: ::1 - Body: {}
2025-03-20 22:19:55 [INFO]: GET /api/cafes/filters - IP: ::1 - Body: {}
2025-03-20 22:19:57 [INFO]: GET /api/users/filters - IP: ::1 - Body: {}
2025-03-20 22:19:57 [INFO]: GET /api/users/filters - IP: ::1 - Body: {}
2025-03-20 22:19:58 [INFO]: GET /api/transactions/filters - IP: ::1 - Body: {}
2025-03-20 22:19:58 [INFO]: GET /api/transactions/filters - IP: ::1 - Body: {}
2025-03-20 22:19:59 [INFO]: GET /api/users/filters - IP: ::1 - Body: {}
2025-03-20 22:19:59 [INFO]: GET /api/users/filters - IP: ::1 - Body: {}
2025-03-20 22:20:00 [INFO]: GET /api/transactions/filters - IP: ::1 - Body: {}
2025-03-20 22:20:00 [INFO]: GET /api/transactions/filters - IP: ::1 - Body: {}
2025-03-20 22:20:00 [INFO]: GET /api/users/filters - IP: ::1 - Body: {}
2025-03-20 22:20:01 [INFO]: GET /api/users/filters - IP: ::1 - Body: {}
2025-03-20 22:20:01 [INFO]: GET /api/cafes/filters - IP: ::1 - Body: {}
2025-03-20 22:20:01 [INFO]: GET /api/cafes/filters - IP: ::1 - Body: {}
2025-03-20 22:20:02 [INFO]: GET /api/cafes/filters - IP: ::1 - Body: {}
2025-03-20 22:20:02 [INFO]: GET /api/cafes/filters - IP: ::1 - Body: {}
2025-03-20 22:25:32 [INFO]: GET /api/users/profile - IP: ::1 - Body: {}
2025-03-20 22:25:32 [INFO]: GET /api/users/profile - IP: ::1 - Body: {}
2025-03-20 22:25:50 [INFO]: POST /api/auth/login - IP: ::1 - Body: {"email":"admin@2001","password":"admin"}
2025-03-20 22:25:51 [INFO]: GET /api/books/filters - IP: ::1 - Body: {}
2025-03-20 22:25:51 [INFO]: GET /api/users/profile - IP: ::1 - Body: {}
2025-03-20 22:25:51 [INFO]: GET /api/users/profile - IP: ::1 - Body: {}
2025-03-20 22:25:51 [INFO]: GET /api/admin/inventory - IP: ::1 - Body: {}
2025-03-20 22:25:51 [INFO]: GET /api/admin/inventory - IP: ::1 - Body: {}
2025-03-20 22:25:51 [INFO]: GET /api/cafes - IP: ::1 - Body: {}
2025-03-20 22:25:51 [INFO]: GET /api/users - IP: ::1 - Body: {}
2025-03-20 22:25:51 [INFO]: GET /api/books/filters - IP: ::1 - Body: {}
2025-03-20 22:25:51 [INFO]: GET /api/cafes - IP: ::1 - Body: {}
2025-03-20 22:25:51 [INFO]: GET /api/transactions - IP: ::1 - Body: {}
2025-03-20 22:25:51 [INFO]: GET /api/users - IP: ::1 - Body: {}
2025-03-20 22:25:51 [INFO]: GET /api/transactions - IP: ::1 - Body: {}
2025-03-20 22:25:59 [INFO]: GET /api/cafes/filters - IP: ::1 - Body: {}
2025-03-20 22:25:59 [INFO]: GET /api/cafes/filters - IP: ::1 - Body: {}
2025-03-20 22:26:00 [INFO]: GET /api/users/filters - IP: ::1 - Body: {}
2025-03-20 22:26:00 [INFO]: GET /api/users/filters - IP: ::1 - Body: {}
2025-03-20 22:26:01 [INFO]: GET /api/transactions/filters - IP: ::1 - Body: {}
2025-03-20 22:26:01 [INFO]: GET /api/transactions/filters - IP: ::1 - Body: {}
2025-03-20 22:26:01 [INFO]: GET /api/users/filters - IP: ::1 - Body: {}
2025-03-20 22:26:01 [INFO]: GET /api/users/filters - IP: ::1 - Body: {}
2025-03-20 22:26:02 [INFO]: GET /api/cafes/filters - IP: ::1 - Body: {}
2025-03-20 22:26:02 [INFO]: GET /api/cafes/filters - IP: ::1 - Body: {}
2025-03-20 22:26:02 [INFO]: GET /api/transactions/filters - IP: ::1 - Body: {}
2025-03-20 22:26:02 [INFO]: GET /api/transactions/filters - IP: ::1 - Body: {}
2025-03-20 22:26:03 [INFO]: GET /api/books/filters - IP: ::1 - Body: {}
2025-03-20 22:26:03 [INFO]: GET /api/books/filters - IP: ::1 - Body: {}
2025-03-20 22:26:47 [INFO]: GET /api/books/filters - IP: ::1 - Body: {}
2025-03-20 22:26:47 [INFO]: GET /api/users/profile - IP: ::1 - Body: {}
2025-03-20 22:26:47 [INFO]: GET /api/users/profile - IP: ::1 - Body: {}
2025-03-20 22:26:47 [INFO]: GET /api/admin/inventory - IP: ::1 - Body: {}
2025-03-20 22:26:47 [INFO]: GET /api/admin/inventory - IP: ::1 - Body: {}
2025-03-20 22:26:47 [INFO]: GET /api/cafes - IP: ::1 - Body: {}
2025-03-20 22:26:47 [INFO]: GET /api/books/filters - IP: ::1 - Body: {}
2025-03-20 22:26:47 [INFO]: GET /api/users - IP: ::1 - Body: {}
2025-03-20 22:26:47 [INFO]: GET /api/cafes - IP: ::1 - Body: {}
2025-03-20 22:26:47 [INFO]: GET /api/users - IP: ::1 - Body: {}
2025-03-20 22:26:47 [INFO]: GET /api/transactions - IP: ::1 - Body: {}
2025-03-20 22:26:47 [INFO]: GET /api/transactions - IP: ::1 - Body: {}
2025-03-20 22:26:51 [INFO]: GET /api/cafes/filters - IP: ::1 - Body: {}
2025-03-20 22:26:51 [INFO]: GET /api/cafes/filters - IP: ::1 - Body: {}
2025-03-20 22:26:51 [INFO]: GET /api/users/filters - IP: ::1 - Body: {}
2025-03-20 22:26:51 [INFO]: GET /api/users/filters - IP: ::1 - Body: {}
2025-03-20 22:26:52 [INFO]: GET /api/transactions/filters - IP: ::1 - Body: {}
2025-03-20 22:26:52 [INFO]: GET /api/transactions/filters - IP: ::1 - Body: {}
2025-03-20 22:26:52 [INFO]: GET /api/books/filters - IP: ::1 - Body: {}
2025-03-20 22:26:52 [INFO]: GET /api/books/filters - IP: ::1 - Body: {}
2025-03-20 22:27:59 [INFO]: POST /api/admin/books - IP: ::1 - Body: {"name":"Honeybee Often Tells Duck","author":"aami","language":"ba","publisher":"Mayuri","genre":"Romance","ratings":3,"is_free":true,"available":true}
2025-03-20 22:28:06 [INFO]: GET /api/books/filters - IP: ::1 - Body: {}
2025-03-20 22:28:06 [INFO]: GET /api/users/profile - IP: ::1 - Body: {}
2025-03-20 22:28:06 [INFO]: GET /api/users/profile - IP: ::1 - Body: {}
2025-03-20 22:28:06 [INFO]: GET /api/admin/inventory - IP: ::1 - Body: {}
2025-03-20 22:28:06 [INFO]: GET /api/admin/inventory - IP: ::1 - Body: {}
2025-03-20 22:28:06 [INFO]: GET /api/cafes - IP: ::1 - Body: {}
2025-03-20 22:28:06 [INFO]: GET /api/books/filters - IP: ::1 - Body: {}
2025-03-20 22:28:06 [INFO]: GET /api/users - IP: ::1 - Body: {}
2025-03-20 22:28:06 [INFO]: GET /api/cafes - IP: ::1 - Body: {}
2025-03-20 22:28:07 [INFO]: GET /api/users - IP: ::1 - Body: {}
2025-03-20 22:28:07 [INFO]: GET /api/transactions - IP: ::1 - Body: {}
2025-03-20 22:28:07 [INFO]: GET /api/transactions - IP: ::1 - Body: {}
2025-03-20 22:29:22 [INFO]: GET /api/cafes/filters - IP: ::1 - Body: {}
2025-03-20 22:29:22 [INFO]: GET /api/cafes/filters - IP: ::1 - Body: {}
2025-03-20 22:29:23 [INFO]: GET /api/books/filters - IP: ::1 - Body: {}
2025-03-20 22:29:23 [INFO]: GET /api/books/filters - IP: ::1 - Body: {}
2025-03-20 22:29:43 [INFO]: GET /api/cafes/filters - IP: ::1 - Body: {}
2025-03-20 22:29:43 [INFO]: GET /api/cafes/filters - IP: ::1 - Body: {}
2025-03-20 22:33:42 [INFO]: POST /api/admin/books - IP: ::1 - Body: {"name":"Spilters","ratings":1,"is_free":false,"available":true}
2025-03-20 22:37:33 [INFO]: GET /api/books/filters - IP: ::1 - Body: {}
2025-03-20 22:37:33 [INFO]: GET /api/users/profile - IP: ::1 - Body: {}
2025-03-20 22:37:33 [INFO]: GET /api/users/profile - IP: ::1 - Body: {}
2025-03-20 22:37:33 [INFO]: GET /api/admin/inventory - IP: ::1 - Body: {}
2025-03-20 22:37:33 [INFO]: GET /api/admin/inventory - IP: ::1 - Body: {}
2025-03-20 22:37:33 [INFO]: GET /api/cafes - IP: ::1 - Body: {}
2025-03-20 22:37:33 [INFO]: GET /api/books/filters - IP: ::1 - Body: {}
2025-03-20 22:37:33 [INFO]: GET /api/users - IP: ::1 - Body: {}
2025-03-20 22:37:33 [INFO]: GET /api/cafes - IP: ::1 - Body: {}
2025-03-20 22:37:33 [INFO]: GET /api/users - IP: ::1 - Body: {}
2025-03-20 22:37:33 [INFO]: GET /api/transactions - IP: ::1 - Body: {}
2025-03-20 22:37:33 [INFO]: GET /api/transactions - IP: ::1 - Body: {}
2025-03-20 22:37:35 [INFO]: GET /api/cafes/filters - IP: ::1 - Body: {}
2025-03-20 22:37:35 [INFO]: GET /api/cafes/filters - IP: ::1 - Body: {}
2025-03-20 22:37:36 [INFO]: GET /api/users/filters - IP: ::1 - Body: {}
2025-03-20 22:37:36 [INFO]: GET /api/users/filters - IP: ::1 - Body: {}
2025-03-20 22:37:37 [INFO]: GET /api/transactions/filters - IP: ::1 - Body: {}
2025-03-20 22:37:37 [INFO]: GET /api/transactions/filters - IP: ::1 - Body: {}
2025-03-20 22:37:38 [INFO]: GET /api/cafes/filters - IP: ::1 - Body: {}
2025-03-20 22:37:38 [INFO]: GET /api/cafes/filters - IP: ::1 - Body: {}
2025-03-20 22:37:38 [INFO]: GET /api/books/filters - IP: ::1 - Body: {}
2025-03-20 22:37:38 [INFO]: GET /api/books/filters - IP: ::1 - Body: {}
2025-03-20 22:38:27 [INFO]: PUT /api/books/DTD1 - IP: ::1 - Body: {"name":"Dodo The Duck","author":"Aishik Ghosh","language":"Bengali","publisher":"Mayuri","genre":"Romance","description":"very good romance book updated just now","ratings":5,"is_free":false,"available":true}
2025-03-20 22:38:31 [INFO]: POST /api/auth/login - IP: ::1 - Body: {"email":"admin@2001","password":"admin"}
2025-03-20 22:38:31 [INFO]: GET /api/books/filters - IP: ::1 - Body: {}
2025-03-20 22:38:31 [INFO]: GET /api/users/profile - IP: ::1 - Body: {}
2025-03-20 22:38:32 [INFO]: GET /api/users/profile - IP: ::1 - Body: {}
2025-03-20 22:38:32 [INFO]: GET /api/admin/inventory - IP: ::1 - Body: {}
2025-03-20 22:38:32 [INFO]: GET /api/admin/inventory - IP: ::1 - Body: {}
2025-03-20 22:38:32 [INFO]: GET /api/cafes - IP: ::1 - Body: {}
2025-03-20 22:38:32 [INFO]: GET /api/books/filters - IP: ::1 - Body: {}
2025-03-20 22:38:32 [INFO]: GET /api/users - IP: ::1 - Body: {}
2025-03-20 22:38:32 [INFO]: GET /api/cafes - IP: ::1 - Body: {}
2025-03-20 22:38:32 [INFO]: GET /api/transactions - IP: ::1 - Body: {}
2025-03-20 22:38:32 [INFO]: GET /api/users - IP: ::1 - Body: {}
2025-03-20 22:38:32 [INFO]: GET /api/transactions - IP: ::1 - Body: {}
2025-03-20 22:38:40 [INFO]: DELETE /api/books/DTD1 - IP: ::1 - Body: {}
2025-03-20 22:38:45 [INFO]: DELETE /api/books/DTD1 - IP: ::1 - Body: {}
